<?xml version="1.0" encoding="UTF-8"?>
<robot generator="Robot 3.2.2 (Python 3.8.7 on win32)" generated="20220502 16:09:16.062" rpa="false">
<suite id="s1" name="Saucedemo" source="C:\Users\851090\Downloads\Assignment\Tests\Scenarios\saucedemo.robot">
<test id="s1-t1" name="ZUCITECH_TC001">
<kw name="Given user to launch saucedemo website" library="Support_Web">
<doc>launch saucedemo website by url</doc>
<kw name="Open Browser" library="SeleniumLibrary">
<doc>Opens a new browser instance to the optional ``url``.</doc>
<arguments>
<arg>${scaucedemourl}</arg>
<arg>chrome</arg>
</arguments>
<msg timestamp="20220502 16:09:21.416" level="INFO">Opening browser 'chrome' to base url 'https://www.saucedemo.com/'.</msg>
<status status="PASS" starttime="20220502 16:09:21.415" endtime="20220502 16:09:28.523"></status>
</kw>
<kw name="Maximize Browser Window" library="SeleniumLibrary">
<doc>Maximizes current browser window.</doc>
<status status="PASS" starttime="20220502 16:09:28.523" endtime="20220502 16:09:28.687"></status>
</kw>
<kw name="Take Screenshot" library="Support_generic">
<doc>Taking screenshot at Test Level</doc>
<kw name="Capture Page Screenshot" library="SeleniumLibrary">
<doc>Takes a screenshot of the current page and embeds it into a log file.</doc>
<arguments>
<arg>${OUTPUTDIR}${/}${screenshot_dir}${/}${TEST NAME}_${screenshotCount}.png</arg>
</arguments>
<msg timestamp="20220502 16:09:28.956" level="INFO" html="yes">&lt;/td&gt;&lt;/tr&gt;&lt;tr&gt;&lt;td colspan="3"&gt;&lt;a href="Output/Screenshot/ZUCITECH_TC001_1.png"&gt;&lt;img src="Output/Screenshot/ZUCITECH_TC001_1.png" width="800px"&gt;&lt;/a&gt;</msg>
<status status="PASS" starttime="20220502 16:09:28.688" endtime="20220502 16:09:28.957"></status>
</kw>
<kw name="Evaluate" library="BuiltIn">
<doc>Evaluates the given expression in Python and returns the result.</doc>
<arguments>
<arg>${screenshotCount}+1</arg>
</arguments>
<assign>
<var>${screenshotCount}</var>
</assign>
<msg timestamp="20220502 16:09:28.958" level="INFO">${screenshotCount} = 2</msg>
<status status="PASS" starttime="20220502 16:09:28.957" endtime="20220502 16:09:28.958"></status>
</kw>
<kw name="Set Global Variable" library="BuiltIn">
<doc>Makes a variable available globally in all tests and suites.</doc>
<arguments>
<arg>${screenshotCount}</arg>
</arguments>
<msg timestamp="20220502 16:09:28.959" level="INFO">${screenshotCount} = 2</msg>
<status status="PASS" starttime="20220502 16:09:28.958" endtime="20220502 16:09:28.959"></status>
</kw>
<status status="PASS" starttime="20220502 16:09:28.688" endtime="20220502 16:09:28.959"></status>
</kw>
<status status="PASS" starttime="20220502 16:09:21.414" endtime="20220502 16:09:28.959"></status>
</kw>
<kw name="And user login in to the saucedemo" library="Support_Web">
<doc>login in to the saucedemo using username and password</doc>
<kw name="Replace xpath and Input Text" library="Support_generic">
<doc>Replace Text and Input</doc>
<arguments>
<arg>${Input_Name}</arg>
<arg>user-name</arg>
<arg>${username}</arg>
</arguments>
<kw name="Replace String" library="String">
<doc>Replaces ``search_for`` in the given ``string`` with ``replace_with``.</doc>
<arguments>
<arg>${xpath}</arg>
<arg>replace</arg>
<arg>${value}</arg>
</arguments>
<assign>
<var>${res}</var>
</assign>
<msg timestamp="20220502 16:09:28.963" level="INFO">${res} = //input[@name="user-name"]</msg>
<status status="PASS" starttime="20220502 16:09:28.962" endtime="20220502 16:09:28.963"></status>
</kw>
<kw name="Scroll Element Into View" library="SeleniumLibrary">
<doc>Scrolls the element identified by ``locator`` into view.</doc>
<arguments>
<arg>${res}</arg>
</arguments>
<status status="PASS" starttime="20220502 16:09:28.963" endtime="20220502 16:09:29.262"></status>
</kw>
<kw name="Input Text" library="SeleniumLibrary">
<doc>Types the given ``text`` into the text field identified by ``locator``.</doc>
<arguments>
<arg>${res}</arg>
<arg>${value1}</arg>
</arguments>
<msg timestamp="20220502 16:09:29.263" level="INFO">Typing text 'standard_user' into text field '//input[@name="user-name"]'.</msg>
<status status="PASS" starttime="20220502 16:09:29.263" endtime="20220502 16:09:29.795"></status>
</kw>
<status status="PASS" starttime="20220502 16:09:28.961" endtime="20220502 16:09:29.796"></status>
</kw>
<kw name="Replace xpath and Input Text" library="Support_generic">
<doc>Replace Text and Input</doc>
<arguments>
<arg>${Input_Name}</arg>
<arg>password</arg>
<arg>${password}</arg>
</arguments>
<kw name="Replace String" library="String">
<doc>Replaces ``search_for`` in the given ``string`` with ``replace_with``.</doc>
<arguments>
<arg>${xpath}</arg>
<arg>replace</arg>
<arg>${value}</arg>
</arguments>
<assign>
<var>${res}</var>
</assign>
<msg timestamp="20220502 16:09:29.799" level="INFO">${res} = //input[@name="password"]</msg>
<status status="PASS" starttime="20220502 16:09:29.798" endtime="20220502 16:09:29.799"></status>
</kw>
<kw name="Scroll Element Into View" library="SeleniumLibrary">
<doc>Scrolls the element identified by ``locator`` into view.</doc>
<arguments>
<arg>${res}</arg>
</arguments>
<status status="PASS" starttime="20220502 16:09:29.799" endtime="20220502 16:09:30.100"></status>
</kw>
<kw name="Input Text" library="SeleniumLibrary">
<doc>Types the given ``text`` into the text field identified by ``locator``.</doc>
<arguments>
<arg>${res}</arg>
<arg>${value1}</arg>
</arguments>
<msg timestamp="20220502 16:09:30.102" level="INFO">Typing text 'secret_sauce' into text field '//input[@name="password"]'.</msg>
<status status="PASS" starttime="20220502 16:09:30.101" endtime="20220502 16:09:30.358"></status>
</kw>
<status status="PASS" starttime="20220502 16:09:29.796" endtime="20220502 16:09:30.359"></status>
</kw>
<kw name="Take Screenshot" library="Support_generic">
<doc>Taking screenshot at Test Level</doc>
<kw name="Capture Page Screenshot" library="SeleniumLibrary">
<doc>Takes a screenshot of the current page and embeds it into a log file.</doc>
<arguments>
<arg>${OUTPUTDIR}${/}${screenshot_dir}${/}${TEST NAME}_${screenshotCount}.png</arg>
</arguments>
<msg timestamp="20220502 16:09:30.600" level="INFO" html="yes">&lt;/td&gt;&lt;/tr&gt;&lt;tr&gt;&lt;td colspan="3"&gt;&lt;a href="Output/Screenshot/ZUCITECH_TC001_2.png"&gt;&lt;img src="Output/Screenshot/ZUCITECH_TC001_2.png" width="800px"&gt;&lt;/a&gt;</msg>
<status status="PASS" starttime="20220502 16:09:30.360" endtime="20220502 16:09:30.600"></status>
</kw>
<kw name="Evaluate" library="BuiltIn">
<doc>Evaluates the given expression in Python and returns the result.</doc>
<arguments>
<arg>${screenshotCount}+1</arg>
</arguments>
<assign>
<var>${screenshotCount}</var>
</assign>
<msg timestamp="20220502 16:09:30.601" level="INFO">${screenshotCount} = 3</msg>
<status status="PASS" starttime="20220502 16:09:30.600" endtime="20220502 16:09:30.601"></status>
</kw>
<kw name="Set Global Variable" library="BuiltIn">
<doc>Makes a variable available globally in all tests and suites.</doc>
<arguments>
<arg>${screenshotCount}</arg>
</arguments>
<msg timestamp="20220502 16:09:30.603" level="INFO">${screenshotCount} = 3</msg>
<status status="PASS" starttime="20220502 16:09:30.602" endtime="20220502 16:09:30.603"></status>
</kw>
<status status="PASS" starttime="20220502 16:09:30.359" endtime="20220502 16:09:30.603"></status>
</kw>
<kw name="Replace xpath and click Web" library="Support_generic">
<doc>Replace xpath and click Button</doc>
<arguments>
<arg>${Input_Name}</arg>
<arg>login-button</arg>
</arguments>
<kw name="Replace String" library="String">
<doc>Replaces ``search_for`` in the given ``string`` with ``replace_with``.</doc>
<arguments>
<arg>${xpath}</arg>
<arg>replace</arg>
<arg>${Name}</arg>
</arguments>
<assign>
<var>${Result}</var>
</assign>
<msg timestamp="20220502 16:09:30.605" level="INFO">${Result} = //input[@name="login-button"]</msg>
<status status="PASS" starttime="20220502 16:09:30.605" endtime="20220502 16:09:30.606"></status>
</kw>
<kw name="Scroll Element Into View" library="SeleniumLibrary">
<doc>Scrolls the element identified by ``locator`` into view.</doc>
<arguments>
<arg>${Result}</arg>
</arguments>
<status status="PASS" starttime="20220502 16:09:30.606" endtime="20220502 16:09:31.002"></status>
</kw>
<kw name="Click Element" library="SeleniumLibrary">
<doc>Click the element identified by ``locator``.</doc>
<arguments>
<arg>${Result}</arg>
</arguments>
<msg timestamp="20220502 16:09:31.003" level="INFO">Clicking element '//input[@name="login-button"]'.</msg>
<status status="PASS" starttime="20220502 16:09:31.003" endtime="20220502 16:09:31.297"></status>
</kw>
<status status="PASS" starttime="20220502 16:09:30.604" endtime="20220502 16:09:31.298"></status>
</kw>
<status status="PASS" starttime="20220502 16:09:28.960" endtime="20220502 16:09:31.298"></status>
</kw>
<kw name="When user should be navigated to the Products page" library="Support_Web">
<doc>verify the user navigated to the Products page</doc>
<kw name="Get Location" library="SeleniumLibrary">
<doc>Returns the current browser window URL.</doc>
<assign>
<var>${url}</var>
</assign>
<msg timestamp="20220502 16:09:31.593" level="INFO">${url} = https://www.saucedemo.com/inventory.html</msg>
<status status="PASS" starttime="20220502 16:09:31.302" endtime="20220502 16:09:31.593"></status>
</kw>
<kw name="Run Keyword And Return Status" library="BuiltIn">
<doc>Runs the given keyword with given arguments and returns the status as a Boolean value.</doc>
<arguments>
<arg>Should Be Equal As Strings</arg>
<arg>${url}</arg>
<arg>${productpage}</arg>
</arguments>
<assign>
<var>${status}</var>
</assign>
<kw name="Should Be Equal As Strings" library="BuiltIn">
<doc>Fails if objects are unequal after converting them to strings.</doc>
<arguments>
<arg>${url}</arg>
<arg>${productpage}</arg>
</arguments>
<status status="PASS" starttime="20220502 16:09:31.594" endtime="20220502 16:09:31.595"></status>
</kw>
<msg timestamp="20220502 16:09:31.595" level="INFO">${status} = True</msg>
<status status="PASS" starttime="20220502 16:09:31.593" endtime="20220502 16:09:31.595"></status>
</kw>
<kw name="Run Keyword If" library="BuiltIn">
<doc>Runs the given keyword with the given arguments, if ``condition`` is true.</doc>
<arguments>
<arg>"${status}"=="True"</arg>
<arg>Log</arg>
<arg>User was navigated to the Products page</arg>
</arguments>
<kw name="Log" library="BuiltIn">
<doc>Logs the given message with the given level.</doc>
<arguments>
<arg>User was navigated to the Products page</arg>
</arguments>
<msg timestamp="20220502 16:09:31.598" level="INFO">User was navigated to the Products page</msg>
<status status="PASS" starttime="20220502 16:09:31.597" endtime="20220502 16:09:31.599"></status>
</kw>
<status status="PASS" starttime="20220502 16:09:31.596" endtime="20220502 16:09:31.599"></status>
</kw>
<kw name="Take Screenshot" library="Support_generic">
<doc>Taking screenshot at Test Level</doc>
<kw name="Capture Page Screenshot" library="SeleniumLibrary">
<doc>Takes a screenshot of the current page and embeds it into a log file.</doc>
<arguments>
<arg>${OUTPUTDIR}${/}${screenshot_dir}${/}${TEST NAME}_${screenshotCount}.png</arg>
</arguments>
<msg timestamp="20220502 16:09:32.316" level="INFO" html="yes">&lt;/td&gt;&lt;/tr&gt;&lt;tr&gt;&lt;td colspan="3"&gt;&lt;a href="Output/Screenshot/ZUCITECH_TC001_3.png"&gt;&lt;img src="Output/Screenshot/ZUCITECH_TC001_3.png" width="800px"&gt;&lt;/a&gt;</msg>
<status status="PASS" starttime="20220502 16:09:31.600" endtime="20220502 16:09:32.316"></status>
</kw>
<kw name="Evaluate" library="BuiltIn">
<doc>Evaluates the given expression in Python and returns the result.</doc>
<arguments>
<arg>${screenshotCount}+1</arg>
</arguments>
<assign>
<var>${screenshotCount}</var>
</assign>
<msg timestamp="20220502 16:09:32.318" level="INFO">${screenshotCount} = 4</msg>
<status status="PASS" starttime="20220502 16:09:32.317" endtime="20220502 16:09:32.318"></status>
</kw>
<kw name="Set Global Variable" library="BuiltIn">
<doc>Makes a variable available globally in all tests and suites.</doc>
<arguments>
<arg>${screenshotCount}</arg>
</arguments>
<msg timestamp="20220502 16:09:32.319" level="INFO">${screenshotCount} = 4</msg>
<status status="PASS" starttime="20220502 16:09:32.318" endtime="20220502 16:09:32.319"></status>
</kw>
<status status="PASS" starttime="20220502 16:09:31.600" endtime="20220502 16:09:32.320"></status>
</kw>
<status status="PASS" starttime="20220502 16:09:31.301" endtime="20220502 16:09:32.320"></status>
</kw>
<kw name="Then user add a product to the cart which has the second least price" library="Support_Web">
<doc>Add a product to the cart which has the second least price</doc>
<kw name="user able to get the list of price" library="Support_Web">
<doc>Get the list of price in the product page</doc>
<assign>
<var>${list}</var>
</assign>
<kw name="Create List" library="BuiltIn">
<doc>Returns a list containing given items.</doc>
<assign>
<var>@{pricelist}</var>
</assign>
<msg timestamp="20220502 16:09:32.343" level="INFO">@{pricelist} = [ ]</msg>
<status status="PASS" starttime="20220502 16:09:32.342" endtime="20220502 16:09:32.343"></status>
</kw>
<kw name="Get Element Count" library="SeleniumLibrary">
<doc>Returns the number of elements matching ``locator``.</doc>
<arguments>
<arg>${itemprice}</arg>
</arguments>
<assign>
<var>${count}</var>
</assign>
<msg timestamp="20220502 16:09:32.436" level="INFO">${count} = 6</msg>
<status status="PASS" starttime="20220502 16:09:32.343" endtime="20220502 16:09:32.436"></status>
</kw>
<kw name="${i} IN RANGE [ 1 | ${count}+1 ]" type="for">
<kw name="${i} = 1" type="foritem">
<kw name="Get Text" library="SeleniumLibrary">
<doc>Returns the text value of the element identified by ``locator``.</doc>
<arguments>
<arg>(${itemprice})[${i}]</arg>
</arguments>
<assign>
<var>${res}</var>
</assign>
<msg timestamp="20220502 16:09:32.502" level="INFO">${res} = $29.99</msg>
<status status="PASS" starttime="20220502 16:09:32.437" endtime="20220502 16:09:32.503"></status>
</kw>
<kw name="Append To List" library="Collections">
<doc>Adds ``values`` to the end of ``list``.</doc>
<arguments>
<arg>${pricelist}</arg>
<arg>${res}</arg>
</arguments>
<status status="PASS" starttime="20220502 16:09:32.503" endtime="20220502 16:09:32.504"></status>
</kw>
<status status="PASS" starttime="20220502 16:09:32.437" endtime="20220502 16:09:32.504"></status>
</kw>
<kw name="${i} = 2" type="foritem">
<kw name="Get Text" library="SeleniumLibrary">
<doc>Returns the text value of the element identified by ``locator``.</doc>
<arguments>
<arg>(${itemprice})[${i}]</arg>
</arguments>
<assign>
<var>${res}</var>
</assign>
<msg timestamp="20220502 16:09:32.610" level="INFO">${res} = $9.99</msg>
<status status="PASS" starttime="20220502 16:09:32.504" endtime="20220502 16:09:32.610"></status>
</kw>
<kw name="Append To List" library="Collections">
<doc>Adds ``values`` to the end of ``list``.</doc>
<arguments>
<arg>${pricelist}</arg>
<arg>${res}</arg>
</arguments>
<status status="PASS" starttime="20220502 16:09:32.610" endtime="20220502 16:09:32.611"></status>
</kw>
<status status="PASS" starttime="20220502 16:09:32.504" endtime="20220502 16:09:32.611"></status>
</kw>
<kw name="${i} = 3" type="foritem">
<kw name="Get Text" library="SeleniumLibrary">
<doc>Returns the text value of the element identified by ``locator``.</doc>
<arguments>
<arg>(${itemprice})[${i}]</arg>
</arguments>
<assign>
<var>${res}</var>
</assign>
<msg timestamp="20220502 16:09:32.691" level="INFO">${res} = $15.99</msg>
<status status="PASS" starttime="20220502 16:09:32.612" endtime="20220502 16:09:32.691"></status>
</kw>
<kw name="Append To List" library="Collections">
<doc>Adds ``values`` to the end of ``list``.</doc>
<arguments>
<arg>${pricelist}</arg>
<arg>${res}</arg>
</arguments>
<status status="PASS" starttime="20220502 16:09:32.691" endtime="20220502 16:09:32.692"></status>
</kw>
<status status="PASS" starttime="20220502 16:09:32.611" endtime="20220502 16:09:32.692"></status>
</kw>
<kw name="${i} = 4" type="foritem">
<kw name="Get Text" library="SeleniumLibrary">
<doc>Returns the text value of the element identified by ``locator``.</doc>
<arguments>
<arg>(${itemprice})[${i}]</arg>
</arguments>
<assign>
<var>${res}</var>
</assign>
<msg timestamp="20220502 16:09:32.788" level="INFO">${res} = $49.99</msg>
<status status="PASS" starttime="20220502 16:09:32.693" endtime="20220502 16:09:32.788"></status>
</kw>
<kw name="Append To List" library="Collections">
<doc>Adds ``values`` to the end of ``list``.</doc>
<arguments>
<arg>${pricelist}</arg>
<arg>${res}</arg>
</arguments>
<status status="PASS" starttime="20220502 16:09:32.788" endtime="20220502 16:09:32.789"></status>
</kw>
<status status="PASS" starttime="20220502 16:09:32.692" endtime="20220502 16:09:32.789"></status>
</kw>
<kw name="${i} = 5" type="foritem">
<kw name="Get Text" library="SeleniumLibrary">
<doc>Returns the text value of the element identified by ``locator``.</doc>
<arguments>
<arg>(${itemprice})[${i}]</arg>
</arguments>
<assign>
<var>${res}</var>
</assign>
<msg timestamp="20220502 16:09:32.836" level="INFO">${res} = $7.99</msg>
<status status="PASS" starttime="20220502 16:09:32.790" endtime="20220502 16:09:32.836"></status>
</kw>
<kw name="Append To List" library="Collections">
<doc>Adds ``values`` to the end of ``list``.</doc>
<arguments>
<arg>${pricelist}</arg>
<arg>${res}</arg>
</arguments>
<status status="PASS" starttime="20220502 16:09:32.837" endtime="20220502 16:09:32.837"></status>
</kw>
<status status="PASS" starttime="20220502 16:09:32.789" endtime="20220502 16:09:32.837"></status>
</kw>
<kw name="${i} = 6" type="foritem">
<kw name="Get Text" library="SeleniumLibrary">
<doc>Returns the text value of the element identified by ``locator``.</doc>
<arguments>
<arg>(${itemprice})[${i}]</arg>
</arguments>
<assign>
<var>${res}</var>
</assign>
<msg timestamp="20220502 16:09:32.885" level="INFO">${res} = $15.99</msg>
<status status="PASS" starttime="20220502 16:09:32.838" endtime="20220502 16:09:32.885"></status>
</kw>
<kw name="Append To List" library="Collections">
<doc>Adds ``values`` to the end of ``list``.</doc>
<arguments>
<arg>${pricelist}</arg>
<arg>${res}</arg>
</arguments>
<status status="PASS" starttime="20220502 16:09:32.886" endtime="20220502 16:09:32.886"></status>
</kw>
<status status="PASS" starttime="20220502 16:09:32.838" endtime="20220502 16:09:32.886"></status>
</kw>
<status status="PASS" starttime="20220502 16:09:32.436" endtime="20220502 16:09:32.886"></status>
</kw>
<msg timestamp="20220502 16:09:32.887" level="INFO">${list} = ['$29.99', '$9.99', '$15.99', '$49.99', '$7.99', '$15.99']</msg>
<status status="PASS" starttime="20220502 16:09:32.341" endtime="20220502 16:09:32.887"></status>
</kw>
<kw name="Find The Second Least Price And Index" library="Support">
<arguments>
<arg>${list}</arg>
</arguments>
<assign>
<var>${price}</var>
<var>${index}</var>
</assign>
<msg timestamp="20220502 16:09:32.888" level="INFO">${price} = 9.99</msg>
<msg timestamp="20220502 16:09:32.888" level="INFO">${index} = 2</msg>
<status status="PASS" starttime="20220502 16:09:32.887" endtime="20220502 16:09:32.888"></status>
</kw>
<kw name="Log" library="BuiltIn">
<doc>Logs the given message with the given level.</doc>
<arguments>
<arg>The second lowest priced is ${price}</arg>
</arguments>
<msg timestamp="20220502 16:09:32.888" level="INFO">The second lowest priced is 9.99</msg>
<status status="PASS" starttime="20220502 16:09:32.888" endtime="20220502 16:09:32.888"></status>
</kw>
<kw name="Get Text" library="SeleniumLibrary">
<doc>Returns the text value of the element identified by ``locator``.</doc>
<arguments>
<arg>(${itemname})[${index}]</arg>
</arguments>
<assign>
<var>${name}</var>
</assign>
<msg timestamp="20220502 16:09:32.939" level="INFO">${name} = Sauce Labs Bike Light</msg>
<status status="PASS" starttime="20220502 16:09:32.889" endtime="20220502 16:09:32.939"></status>
</kw>
<kw name="Log" library="BuiltIn">
<doc>Logs the given message with the given level.</doc>
<arguments>
<arg>The second-lowest-priced product name is ${name}</arg>
</arguments>
<msg timestamp="20220502 16:09:32.939" level="INFO">The second-lowest-priced product name is Sauce Labs Bike Light</msg>
<status status="PASS" starttime="20220502 16:09:32.939" endtime="20220502 16:09:32.940"></status>
</kw>
<kw name="Set Test Variable" library="BuiltIn">
<doc>Makes a variable available everywhere within the scope of the current test.</doc>
<arguments>
<arg>${prductname}</arg>
<arg>${name}</arg>
</arguments>
<msg timestamp="20220502 16:09:32.943" level="INFO">${prductname} = Sauce Labs Bike Light</msg>
<status status="PASS" starttime="20220502 16:09:32.940" endtime="20220502 16:09:32.943"></status>
</kw>
<kw name="Take Screenshot" library="Support_generic">
<doc>Taking screenshot at Test Level</doc>
<kw name="Capture Page Screenshot" library="SeleniumLibrary">
<doc>Takes a screenshot of the current page and embeds it into a log file.</doc>
<arguments>
<arg>${OUTPUTDIR}${/}${screenshot_dir}${/}${TEST NAME}_${screenshotCount}.png</arg>
</arguments>
<msg timestamp="20220502 16:09:33.416" level="INFO" html="yes">&lt;/td&gt;&lt;/tr&gt;&lt;tr&gt;&lt;td colspan="3"&gt;&lt;a href="Output/Screenshot/ZUCITECH_TC001_4.png"&gt;&lt;img src="Output/Screenshot/ZUCITECH_TC001_4.png" width="800px"&gt;&lt;/a&gt;</msg>
<status status="PASS" starttime="20220502 16:09:32.944" endtime="20220502 16:09:33.417"></status>
</kw>
<kw name="Evaluate" library="BuiltIn">
<doc>Evaluates the given expression in Python and returns the result.</doc>
<arguments>
<arg>${screenshotCount}+1</arg>
</arguments>
<assign>
<var>${screenshotCount}</var>
</assign>
<msg timestamp="20220502 16:09:33.418" level="INFO">${screenshotCount} = 5</msg>
<status status="PASS" starttime="20220502 16:09:33.417" endtime="20220502 16:09:33.418"></status>
</kw>
<kw name="Set Global Variable" library="BuiltIn">
<doc>Makes a variable available globally in all tests and suites.</doc>
<arguments>
<arg>${screenshotCount}</arg>
</arguments>
<msg timestamp="20220502 16:09:33.420" level="INFO">${screenshotCount} = 5</msg>
<status status="PASS" starttime="20220502 16:09:33.419" endtime="20220502 16:09:33.421"></status>
</kw>
<status status="PASS" starttime="20220502 16:09:32.943" endtime="20220502 16:09:33.422"></status>
</kw>
<kw name="Replace String" library="String">
<doc>Replaces ``search_for`` in the given ``string`` with ``replace_with``.</doc>
<arguments>
<arg>${buttontext}</arg>
<arg>replace</arg>
<arg>Add to cart</arg>
</arguments>
<assign>
<var>${res}</var>
</assign>
<msg timestamp="20220502 16:09:33.423" level="INFO">${res} = //button[text()="Add to cart"]</msg>
<status status="PASS" starttime="20220502 16:09:33.422" endtime="20220502 16:09:33.423"></status>
</kw>
<kw name="Click Element" library="SeleniumLibrary">
<doc>Click the element identified by ``locator``.</doc>
<arguments>
<arg>(${res})[${index}]</arg>
</arguments>
<msg timestamp="20220502 16:09:33.424" level="INFO">Clicking element '(//button[text()="Add to cart"])[2]'.</msg>
<status status="PASS" starttime="20220502 16:09:33.423" endtime="20220502 16:09:33.699"></status>
</kw>
<status status="PASS" starttime="20220502 16:09:32.340" endtime="20220502 16:09:33.699"></status>
</kw>
<kw name="When user should be navigate to Cart Page" library="Support_Web">
<doc>user should be navigate to Cart Page</doc>
<kw name="Click Element" library="SeleniumLibrary">
<doc>Click the element identified by ``locator``.</doc>
<arguments>
<arg>${cartlink}</arg>
</arguments>
<msg timestamp="20220502 16:09:33.706" level="INFO">Clicking element '//a[@class="shopping_cart_link"]'.</msg>
<status status="PASS" starttime="20220502 16:09:33.705" endtime="20220502 16:09:34.004"></status>
</kw>
<kw name="Get Location" library="SeleniumLibrary">
<doc>Returns the current browser window URL.</doc>
<assign>
<var>${url}</var>
</assign>
<msg timestamp="20220502 16:09:34.017" level="INFO">${url} = https://www.saucedemo.com/cart.html</msg>
<status status="PASS" starttime="20220502 16:09:34.005" endtime="20220502 16:09:34.017"></status>
</kw>
<kw name="Run Keyword And Return Status" library="BuiltIn">
<doc>Runs the given keyword with given arguments and returns the status as a Boolean value.</doc>
<arguments>
<arg>Should Be Equal As Strings</arg>
<arg>${url}</arg>
<arg>${cartpage}</arg>
</arguments>
<assign>
<var>${status}</var>
</assign>
<kw name="Should Be Equal As Strings" library="BuiltIn">
<doc>Fails if objects are unequal after converting them to strings.</doc>
<arguments>
<arg>${url}</arg>
<arg>${cartpage}</arg>
</arguments>
<status status="PASS" starttime="20220502 16:09:34.018" endtime="20220502 16:09:34.019"></status>
</kw>
<msg timestamp="20220502 16:09:34.019" level="INFO">${status} = True</msg>
<status status="PASS" starttime="20220502 16:09:34.018" endtime="20220502 16:09:34.020"></status>
</kw>
<kw name="Run Keyword If" library="BuiltIn">
<doc>Runs the given keyword with the given arguments, if ``condition`` is true.</doc>
<arguments>
<arg>"${status}"=="True"</arg>
<arg>Log</arg>
<arg>User was navigated to the cart Page</arg>
</arguments>
<kw name="Log" library="BuiltIn">
<doc>Logs the given message with the given level.</doc>
<arguments>
<arg>User was navigated to the cart Page</arg>
</arguments>
<msg timestamp="20220502 16:09:34.021" level="INFO">User was navigated to the cart Page</msg>
<status status="PASS" starttime="20220502 16:09:34.021" endtime="20220502 16:09:34.022"></status>
</kw>
<status status="PASS" starttime="20220502 16:09:34.020" endtime="20220502 16:09:34.022"></status>
</kw>
<kw name="Take Screenshot" library="Support_generic">
<doc>Taking screenshot at Test Level</doc>
<kw name="Capture Page Screenshot" library="SeleniumLibrary">
<doc>Takes a screenshot of the current page and embeds it into a log file.</doc>
<arguments>
<arg>${OUTPUTDIR}${/}${screenshot_dir}${/}${TEST NAME}_${screenshotCount}.png</arg>
</arguments>
<msg timestamp="20220502 16:09:34.405" level="INFO" html="yes">&lt;/td&gt;&lt;/tr&gt;&lt;tr&gt;&lt;td colspan="3"&gt;&lt;a href="Output/Screenshot/ZUCITECH_TC001_5.png"&gt;&lt;img src="Output/Screenshot/ZUCITECH_TC001_5.png" width="800px"&gt;&lt;/a&gt;</msg>
<status status="PASS" starttime="20220502 16:09:34.023" endtime="20220502 16:09:34.405"></status>
</kw>
<kw name="Evaluate" library="BuiltIn">
<doc>Evaluates the given expression in Python and returns the result.</doc>
<arguments>
<arg>${screenshotCount}+1</arg>
</arguments>
<assign>
<var>${screenshotCount}</var>
</assign>
<msg timestamp="20220502 16:09:34.409" level="INFO">${screenshotCount} = 6</msg>
<status status="PASS" starttime="20220502 16:09:34.407" endtime="20220502 16:09:34.409"></status>
</kw>
<kw name="Set Global Variable" library="BuiltIn">
<doc>Makes a variable available globally in all tests and suites.</doc>
<arguments>
<arg>${screenshotCount}</arg>
</arguments>
<msg timestamp="20220502 16:09:34.410" level="INFO">${screenshotCount} = 6</msg>
<status status="PASS" starttime="20220502 16:09:34.409" endtime="20220502 16:09:34.410"></status>
</kw>
<status status="PASS" starttime="20220502 16:09:34.022" endtime="20220502 16:09:34.411"></status>
</kw>
<status status="PASS" starttime="20220502 16:09:33.704" endtime="20220502 16:09:34.411"></status>
</kw>
<kw name="Then user Check out the product by entering details" library="Support_Web">
<doc>Checking out the product by entering details</doc>
<kw name="Replace String" library="String">
<doc>Replaces ``search_for`` in the given ``string`` with ``replace_with``.</doc>
<arguments>
<arg>${buttontext}</arg>
<arg>replace</arg>
<arg>Checkout</arg>
</arguments>
<assign>
<var>${res}</var>
</assign>
<msg timestamp="20220502 16:09:34.416" level="INFO">${res} = //button[text()="Checkout"]</msg>
<status status="PASS" starttime="20220502 16:09:34.415" endtime="20220502 16:09:34.416"></status>
</kw>
<kw name="Click Element" library="SeleniumLibrary">
<doc>Click the element identified by ``locator``.</doc>
<arguments>
<arg>${res}</arg>
</arguments>
<msg timestamp="20220502 16:09:34.417" level="INFO">Clicking element '//button[text()="Checkout"]'.</msg>
<status status="PASS" starttime="20220502 16:09:34.416" endtime="20220502 16:09:34.537"></status>
</kw>
<kw name="Replace xpath and Input Text" library="Support_generic">
<doc>Replace Text and Input</doc>
<arguments>
<arg>${Input_Name}</arg>
<arg>firstName</arg>
<arg>${fisname}</arg>
</arguments>
<kw name="Replace String" library="String">
<doc>Replaces ``search_for`` in the given ``string`` with ``replace_with``.</doc>
<arguments>
<arg>${xpath}</arg>
<arg>replace</arg>
<arg>${value}</arg>
</arguments>
<assign>
<var>${res}</var>
</assign>
<msg timestamp="20220502 16:09:34.539" level="INFO">${res} = //input[@name="firstName"]</msg>
<status status="PASS" starttime="20220502 16:09:34.539" endtime="20220502 16:09:34.540"></status>
</kw>
<kw name="Scroll Element Into View" library="SeleniumLibrary">
<doc>Scrolls the element identified by ``locator`` into view.</doc>
<arguments>
<arg>${res}</arg>
</arguments>
<status status="PASS" starttime="20220502 16:09:34.540" endtime="20220502 16:09:34.837"></status>
</kw>
<kw name="Input Text" library="SeleniumLibrary">
<doc>Types the given ``text`` into the text field identified by ``locator``.</doc>
<arguments>
<arg>${res}</arg>
<arg>${value1}</arg>
</arguments>
<msg timestamp="20220502 16:09:34.838" level="INFO">Typing text 'krishna' into text field '//input[@name="firstName"]'.</msg>
<status status="PASS" starttime="20220502 16:09:34.837" endtime="20220502 16:09:35.008"></status>
</kw>
<status status="PASS" starttime="20220502 16:09:34.538" endtime="20220502 16:09:35.008"></status>
</kw>
<kw name="Replace xpath and Input Text" library="Support_generic">
<doc>Replace Text and Input</doc>
<arguments>
<arg>${Input_Name}</arg>
<arg>lastName</arg>
<arg>${lasname}</arg>
</arguments>
<kw name="Replace String" library="String">
<doc>Replaces ``search_for`` in the given ``string`` with ``replace_with``.</doc>
<arguments>
<arg>${xpath}</arg>
<arg>replace</arg>
<arg>${value}</arg>
</arguments>
<assign>
<var>${res}</var>
</assign>
<msg timestamp="20220502 16:09:35.011" level="INFO">${res} = //input[@name="lastName"]</msg>
<status status="PASS" starttime="20220502 16:09:35.010" endtime="20220502 16:09:35.011"></status>
</kw>
<kw name="Scroll Element Into View" library="SeleniumLibrary">
<doc>Scrolls the element identified by ``locator`` into view.</doc>
<arguments>
<arg>${res}</arg>
</arguments>
<status status="PASS" starttime="20220502 16:09:35.011" endtime="20220502 16:09:35.299"></status>
</kw>
<kw name="Input Text" library="SeleniumLibrary">
<doc>Types the given ``text`` into the text field identified by ``locator``.</doc>
<arguments>
<arg>${res}</arg>
<arg>${value1}</arg>
</arguments>
<msg timestamp="20220502 16:09:35.300" level="INFO">Typing text 'Marappan' into text field '//input[@name="lastName"]'.</msg>
<status status="PASS" starttime="20220502 16:09:35.299" endtime="20220502 16:09:35.471"></status>
</kw>
<status status="PASS" starttime="20220502 16:09:35.009" endtime="20220502 16:09:35.472"></status>
</kw>
<kw name="Replace xpath and Input Text" library="Support_generic">
<doc>Replace Text and Input</doc>
<arguments>
<arg>${Input_Name}</arg>
<arg>postalCode</arg>
<arg>${poscode}</arg>
</arguments>
<kw name="Replace String" library="String">
<doc>Replaces ``search_for`` in the given ``string`` with ``replace_with``.</doc>
<arguments>
<arg>${xpath}</arg>
<arg>replace</arg>
<arg>${value}</arg>
</arguments>
<assign>
<var>${res}</var>
</assign>
<msg timestamp="20220502 16:09:35.474" level="INFO">${res} = //input[@name="postalCode"]</msg>
<status status="PASS" starttime="20220502 16:09:35.473" endtime="20220502 16:09:35.474"></status>
</kw>
<kw name="Scroll Element Into View" library="SeleniumLibrary">
<doc>Scrolls the element identified by ``locator`` into view.</doc>
<arguments>
<arg>${res}</arg>
</arguments>
<status status="PASS" starttime="20220502 16:09:35.474" endtime="20220502 16:09:35.765"></status>
</kw>
<kw name="Input Text" library="SeleniumLibrary">
<doc>Types the given ``text`` into the text field identified by ``locator``.</doc>
<arguments>
<arg>${res}</arg>
<arg>${value1}</arg>
</arguments>
<msg timestamp="20220502 16:09:35.766" level="INFO">Typing text '123456' into text field '//input[@name="postalCode"]'.</msg>
<status status="PASS" starttime="20220502 16:09:35.766" endtime="20220502 16:09:36.052"></status>
</kw>
<status status="PASS" starttime="20220502 16:09:35.472" endtime="20220502 16:09:36.052"></status>
</kw>
<kw name="Take Screenshot" library="Support_generic">
<doc>Taking screenshot at Test Level</doc>
<kw name="Capture Page Screenshot" library="SeleniumLibrary">
<doc>Takes a screenshot of the current page and embeds it into a log file.</doc>
<arguments>
<arg>${OUTPUTDIR}${/}${screenshot_dir}${/}${TEST NAME}_${screenshotCount}.png</arg>
</arguments>
<msg timestamp="20220502 16:09:36.350" level="INFO" html="yes">&lt;/td&gt;&lt;/tr&gt;&lt;tr&gt;&lt;td colspan="3"&gt;&lt;a href="Output/Screenshot/ZUCITECH_TC001_6.png"&gt;&lt;img src="Output/Screenshot/ZUCITECH_TC001_6.png" width="800px"&gt;&lt;/a&gt;</msg>
<status status="PASS" starttime="20220502 16:09:36.053" endtime="20220502 16:09:36.350"></status>
</kw>
<kw name="Evaluate" library="BuiltIn">
<doc>Evaluates the given expression in Python and returns the result.</doc>
<arguments>
<arg>${screenshotCount}+1</arg>
</arguments>
<assign>
<var>${screenshotCount}</var>
</assign>
<msg timestamp="20220502 16:09:36.351" level="INFO">${screenshotCount} = 7</msg>
<status status="PASS" starttime="20220502 16:09:36.350" endtime="20220502 16:09:36.351"></status>
</kw>
<kw name="Set Global Variable" library="BuiltIn">
<doc>Makes a variable available globally in all tests and suites.</doc>
<arguments>
<arg>${screenshotCount}</arg>
</arguments>
<msg timestamp="20220502 16:09:36.352" level="INFO">${screenshotCount} = 7</msg>
<status status="PASS" starttime="20220502 16:09:36.351" endtime="20220502 16:09:36.353"></status>
</kw>
<status status="PASS" starttime="20220502 16:09:36.053" endtime="20220502 16:09:36.353"></status>
</kw>
<kw name="Replace xpath and click Web" library="Support_generic">
<doc>Replace xpath and click Button</doc>
<arguments>
<arg>${Input_Name}</arg>
<arg>continue</arg>
</arguments>
<kw name="Replace String" library="String">
<doc>Replaces ``search_for`` in the given ``string`` with ``replace_with``.</doc>
<arguments>
<arg>${xpath}</arg>
<arg>replace</arg>
<arg>${Name}</arg>
</arguments>
<assign>
<var>${Result}</var>
</assign>
<msg timestamp="20220502 16:09:36.355" level="INFO">${Result} = //input[@name="continue"]</msg>
<status status="PASS" starttime="20220502 16:09:36.354" endtime="20220502 16:09:36.355"></status>
</kw>
<kw name="Scroll Element Into View" library="SeleniumLibrary">
<doc>Scrolls the element identified by ``locator`` into view.</doc>
<arguments>
<arg>${Result}</arg>
</arguments>
<status status="PASS" starttime="20220502 16:09:36.355" endtime="20220502 16:09:36.650"></status>
</kw>
<kw name="Click Element" library="SeleniumLibrary">
<doc>Click the element identified by ``locator``.</doc>
<arguments>
<arg>${Result}</arg>
</arguments>
<msg timestamp="20220502 16:09:36.651" level="INFO">Clicking element '//input[@name="continue"]'.</msg>
<status status="PASS" starttime="20220502 16:09:36.650" endtime="20220502 16:09:36.750"></status>
</kw>
<status status="PASS" starttime="20220502 16:09:36.353" endtime="20220502 16:09:36.750"></status>
</kw>
<status status="PASS" starttime="20220502 16:09:34.415" endtime="20220502 16:09:36.751"></status>
</kw>
<kw name="Then user assert the Product details" library="Support_Web">
<doc>verifying the product checkout detail(i.e :CHECKOUT: OVERVIEW and CHECKOUT: COMPLETE!) pages</doc>
<kw name="user able to verify if the selected product is checked out" library="Support_Web">
<doc>verify the selected product</doc>
<kw name="Validate field" library="Support_generic">
<doc>Validate field value</doc>
<arguments>
<arg>${itemname}</arg>
<arg>${prductname}</arg>
</arguments>
<assign>
<var>${status}</var>
</assign>
<kw name="Scroll Element Into View" library="SeleniumLibrary">
<doc>Scrolls the element identified by ``locator`` into view.</doc>
<arguments>
<arg>${Value1}</arg>
</arguments>
<status status="PASS" starttime="20220502 16:09:36.754" endtime="20220502 16:09:37.036"></status>
</kw>
<kw name="Get Text" library="SeleniumLibrary">
<doc>Returns the text value of the element identified by ``locator``.</doc>
<arguments>
<arg>${Value1}</arg>
</arguments>
<assign>
<var>${response}</var>
</assign>
<msg timestamp="20220502 16:09:37.071" level="INFO">${response} = Sauce Labs Bike Light</msg>
<status status="PASS" starttime="20220502 16:09:37.037" endtime="20220502 16:09:37.071"></status>
</kw>
<kw name="Run Keyword And Return Status" library="BuiltIn">
<doc>Runs the given keyword with given arguments and returns the status as a Boolean value.</doc>
<arguments>
<arg>Should Be Equal As Strings</arg>
<arg>${response}</arg>
<arg>${Value2}</arg>
</arguments>
<assign>
<var>${status}</var>
</assign>
<kw name="Should Be Equal As Strings" library="BuiltIn">
<doc>Fails if objects are unequal after converting them to strings.</doc>
<arguments>
<arg>${response}</arg>
<arg>${Value2}</arg>
</arguments>
<status status="PASS" starttime="20220502 16:09:37.071" endtime="20220502 16:09:37.072"></status>
</kw>
<msg timestamp="20220502 16:09:37.072" level="INFO">${status} = True</msg>
<status status="PASS" starttime="20220502 16:09:37.071" endtime="20220502 16:09:37.072"></status>
</kw>
<msg timestamp="20220502 16:09:37.073" level="INFO">${status} = True</msg>
<status status="PASS" starttime="20220502 16:09:36.753" endtime="20220502 16:09:37.073"></status>
</kw>
<kw name="Run Keyword If" library="BuiltIn">
<doc>Runs the given keyword with the given arguments, if ``condition`` is true.</doc>
<arguments>
<arg>"${status}"=="True"</arg>
<arg>Log</arg>
<arg>The Selected product was checked out</arg>
</arguments>
<kw name="Log" library="BuiltIn">
<doc>Logs the given message with the given level.</doc>
<arguments>
<arg>The Selected product was checked out</arg>
</arguments>
<msg timestamp="20220502 16:09:37.074" level="INFO">The Selected product was checked out</msg>
<status status="PASS" starttime="20220502 16:09:37.074" endtime="20220502 16:09:37.074"></status>
</kw>
<status status="PASS" starttime="20220502 16:09:37.073" endtime="20220502 16:09:37.074"></status>
</kw>
<kw name="Take Screenshot" library="Support_generic">
<doc>Taking screenshot at Test Level</doc>
<kw name="Capture Page Screenshot" library="SeleniumLibrary">
<doc>Takes a screenshot of the current page and embeds it into a log file.</doc>
<arguments>
<arg>${OUTPUTDIR}${/}${screenshot_dir}${/}${TEST NAME}_${screenshotCount}.png</arg>
</arguments>
<msg timestamp="20220502 16:09:37.280" level="INFO" html="yes">&lt;/td&gt;&lt;/tr&gt;&lt;tr&gt;&lt;td colspan="3"&gt;&lt;a href="Output/Screenshot/ZUCITECH_TC001_7.png"&gt;&lt;img src="Output/Screenshot/ZUCITECH_TC001_7.png" width="800px"&gt;&lt;/a&gt;</msg>
<status status="PASS" starttime="20220502 16:09:37.075" endtime="20220502 16:09:37.280"></status>
</kw>
<kw name="Evaluate" library="BuiltIn">
<doc>Evaluates the given expression in Python and returns the result.</doc>
<arguments>
<arg>${screenshotCount}+1</arg>
</arguments>
<assign>
<var>${screenshotCount}</var>
</assign>
<msg timestamp="20220502 16:09:37.282" level="INFO">${screenshotCount} = 8</msg>
<status status="PASS" starttime="20220502 16:09:37.281" endtime="20220502 16:09:37.282"></status>
</kw>
<kw name="Set Global Variable" library="BuiltIn">
<doc>Makes a variable available globally in all tests and suites.</doc>
<arguments>
<arg>${screenshotCount}</arg>
</arguments>
<msg timestamp="20220502 16:09:37.283" level="INFO">${screenshotCount} = 8</msg>
<status status="PASS" starttime="20220502 16:09:37.282" endtime="20220502 16:09:37.283"></status>
</kw>
<status status="PASS" starttime="20220502 16:09:37.074" endtime="20220502 16:09:37.283"></status>
</kw>
<status status="PASS" starttime="20220502 16:09:36.752" endtime="20220502 16:09:37.284"></status>
</kw>
<kw name="user able to get the total price after the tax" library="Support_Web">
<doc>total price after the tax</doc>
<kw name="Scroll Element Into View" library="SeleniumLibrary">
<doc>Scrolls the element identified by ``locator`` into view.</doc>
<arguments>
<arg>${totalcost}</arg>
</arguments>
<status status="PASS" starttime="20220502 16:09:37.285" endtime="20220502 16:09:37.584"></status>
</kw>
<kw name="Get Text" library="SeleniumLibrary">
<doc>Returns the text value of the element identified by ``locator``.</doc>
<arguments>
<arg>${totalcost}</arg>
</arguments>
<assign>
<var>${cost}</var>
</assign>
<msg timestamp="20220502 16:09:37.632" level="INFO">${cost} = Total: $10.79</msg>
<status status="PASS" starttime="20220502 16:09:37.585" endtime="20220502 16:09:37.632"></status>
</kw>
<kw name="Log" library="BuiltIn">
<doc>Logs the given message with the given level.</doc>
<arguments>
<arg>Price after tax is ${cost}</arg>
</arguments>
<msg timestamp="20220502 16:09:37.633" level="INFO">Price after tax is Total: $10.79</msg>
<status status="PASS" starttime="20220502 16:09:37.633" endtime="20220502 16:09:37.633"></status>
</kw>
<kw name="Take Screenshot" library="Support_generic">
<doc>Taking screenshot at Test Level</doc>
<kw name="Capture Page Screenshot" library="SeleniumLibrary">
<doc>Takes a screenshot of the current page and embeds it into a log file.</doc>
<arguments>
<arg>${OUTPUTDIR}${/}${screenshot_dir}${/}${TEST NAME}_${screenshotCount}.png</arg>
</arguments>
<msg timestamp="20220502 16:09:38.007" level="INFO" html="yes">&lt;/td&gt;&lt;/tr&gt;&lt;tr&gt;&lt;td colspan="3"&gt;&lt;a href="Output/Screenshot/ZUCITECH_TC001_8.png"&gt;&lt;img src="Output/Screenshot/ZUCITECH_TC001_8.png" width="800px"&gt;&lt;/a&gt;</msg>
<status status="PASS" starttime="20220502 16:09:37.635" endtime="20220502 16:09:38.007"></status>
</kw>
<kw name="Evaluate" library="BuiltIn">
<doc>Evaluates the given expression in Python and returns the result.</doc>
<arguments>
<arg>${screenshotCount}+1</arg>
</arguments>
<assign>
<var>${screenshotCount}</var>
</assign>
<msg timestamp="20220502 16:09:38.009" level="INFO">${screenshotCount} = 9</msg>
<status status="PASS" starttime="20220502 16:09:38.008" endtime="20220502 16:09:38.009"></status>
</kw>
<kw name="Set Global Variable" library="BuiltIn">
<doc>Makes a variable available globally in all tests and suites.</doc>
<arguments>
<arg>${screenshotCount}</arg>
</arguments>
<msg timestamp="20220502 16:09:38.010" level="INFO">${screenshotCount} = 9</msg>
<status status="PASS" starttime="20220502 16:09:38.009" endtime="20220502 16:09:38.010"></status>
</kw>
<status status="PASS" starttime="20220502 16:09:37.634" endtime="20220502 16:09:38.010"></status>
</kw>
<status status="PASS" starttime="20220502 16:09:37.284" endtime="20220502 16:09:38.010"></status>
</kw>
<kw name="user able to get the payment information" library="Support_Web">
<doc>Payment information</doc>
<kw name="Scroll Element Into View" library="SeleniumLibrary">
<doc>Scrolls the element identified by ``locator`` into view.</doc>
<arguments>
<arg>${paymentinfo}</arg>
</arguments>
<status status="PASS" starttime="20220502 16:09:38.012" endtime="20220502 16:09:38.316"></status>
</kw>
<kw name="Get Text" library="SeleniumLibrary">
<doc>Returns the text value of the element identified by ``locator``.</doc>
<arguments>
<arg>${paymentinfo}</arg>
</arguments>
<assign>
<var>${res}</var>
</assign>
<msg timestamp="20220502 16:09:38.343" level="INFO">${res} = SauceCard #31337</msg>
<status status="PASS" starttime="20220502 16:09:38.316" endtime="20220502 16:09:38.343"></status>
</kw>
<kw name="Log" library="BuiltIn">
<doc>Logs the given message with the given level.</doc>
<arguments>
<arg>Payment information ${res}</arg>
</arguments>
<msg timestamp="20220502 16:09:38.344" level="INFO">Payment information SauceCard #31337</msg>
<status status="PASS" starttime="20220502 16:09:38.343" endtime="20220502 16:09:38.344"></status>
</kw>
<kw name="Take Screenshot" library="Support_generic">
<doc>Taking screenshot at Test Level</doc>
<kw name="Capture Page Screenshot" library="SeleniumLibrary">
<doc>Takes a screenshot of the current page and embeds it into a log file.</doc>
<arguments>
<arg>${OUTPUTDIR}${/}${screenshot_dir}${/}${TEST NAME}_${screenshotCount}.png</arg>
</arguments>
<msg timestamp="20220502 16:09:38.559" level="INFO" html="yes">&lt;/td&gt;&lt;/tr&gt;&lt;tr&gt;&lt;td colspan="3"&gt;&lt;a href="Output/Screenshot/ZUCITECH_TC001_9.png"&gt;&lt;img src="Output/Screenshot/ZUCITECH_TC001_9.png" width="800px"&gt;&lt;/a&gt;</msg>
<status status="PASS" starttime="20220502 16:09:38.345" endtime="20220502 16:09:38.559"></status>
</kw>
<kw name="Evaluate" library="BuiltIn">
<doc>Evaluates the given expression in Python and returns the result.</doc>
<arguments>
<arg>${screenshotCount}+1</arg>
</arguments>
<assign>
<var>${screenshotCount}</var>
</assign>
<msg timestamp="20220502 16:09:38.560" level="INFO">${screenshotCount} = 10</msg>
<status status="PASS" starttime="20220502 16:09:38.560" endtime="20220502 16:09:38.560"></status>
</kw>
<kw name="Set Global Variable" library="BuiltIn">
<doc>Makes a variable available globally in all tests and suites.</doc>
<arguments>
<arg>${screenshotCount}</arg>
</arguments>
<msg timestamp="20220502 16:09:38.562" level="INFO">${screenshotCount} = 10</msg>
<status status="PASS" starttime="20220502 16:09:38.561" endtime="20220502 16:09:38.562"></status>
</kw>
<status status="PASS" starttime="20220502 16:09:38.344" endtime="20220502 16:09:38.562"></status>
</kw>
<status status="PASS" starttime="20220502 16:09:38.011" endtime="20220502 16:09:38.563"></status>
</kw>
<kw name="Replace xpath and click Web" library="Support_generic">
<doc>Replace xpath and click Button</doc>
<arguments>
<arg>${buttontext}</arg>
<arg>Finish</arg>
</arguments>
<kw name="Replace String" library="String">
<doc>Replaces ``search_for`` in the given ``string`` with ``replace_with``.</doc>
<arguments>
<arg>${xpath}</arg>
<arg>replace</arg>
<arg>${Name}</arg>
</arguments>
<assign>
<var>${Result}</var>
</assign>
<msg timestamp="20220502 16:09:38.565" level="INFO">${Result} = //button[text()="Finish"]</msg>
<status status="PASS" starttime="20220502 16:09:38.565" endtime="20220502 16:09:38.566"></status>
</kw>
<kw name="Scroll Element Into View" library="SeleniumLibrary">
<doc>Scrolls the element identified by ``locator`` into view.</doc>
<arguments>
<arg>${Result}</arg>
</arguments>
<status status="PASS" starttime="20220502 16:09:38.566" endtime="20220502 16:09:38.906"></status>
</kw>
<kw name="Click Element" library="SeleniumLibrary">
<doc>Click the element identified by ``locator``.</doc>
<arguments>
<arg>${Result}</arg>
</arguments>
<msg timestamp="20220502 16:09:38.909" level="INFO">Clicking element '//button[text()="Finish"]'.</msg>
<status status="PASS" starttime="20220502 16:09:38.907" endtime="20220502 16:09:39.124"></status>
</kw>
<status status="PASS" starttime="20220502 16:09:38.563" endtime="20220502 16:09:39.125"></status>
</kw>
<kw name="user is able to verify that the thankyou page is displayed" library="Support_Web">
<doc>verify that the thankyou page</doc>
<kw name="Validate field" library="Support_generic">
<doc>Validate field value</doc>
<arguments>
<arg>${title}</arg>
<arg>${completetitle}</arg>
</arguments>
<assign>
<var>${status}</var>
</assign>
<kw name="Scroll Element Into View" library="SeleniumLibrary">
<doc>Scrolls the element identified by ``locator`` into view.</doc>
<arguments>
<arg>${Value1}</arg>
</arguments>
<status status="PASS" starttime="20220502 16:09:39.127" endtime="20220502 16:09:44.347"></status>
</kw>
<kw name="Get Text" library="SeleniumLibrary">
<doc>Returns the text value of the element identified by ``locator``.</doc>
<arguments>
<arg>${Value1}</arg>
</arguments>
<assign>
<var>${response}</var>
</assign>
<msg timestamp="20220502 16:09:44.377" level="INFO">${response} = CHECKOUT: COMPLETE!</msg>
<status status="PASS" starttime="20220502 16:09:44.347" endtime="20220502 16:09:44.377"></status>
</kw>
<kw name="Run Keyword And Return Status" library="BuiltIn">
<doc>Runs the given keyword with given arguments and returns the status as a Boolean value.</doc>
<arguments>
<arg>Should Be Equal As Strings</arg>
<arg>${response}</arg>
<arg>${Value2}</arg>
</arguments>
<assign>
<var>${status}</var>
</assign>
<kw name="Should Be Equal As Strings" library="BuiltIn">
<doc>Fails if objects are unequal after converting them to strings.</doc>
<arguments>
<arg>${response}</arg>
<arg>${Value2}</arg>
</arguments>
<msg timestamp="20220502 16:09:44.379" level="FAIL">CHECKOUT: COMPLETE! != Checkout: Complete!</msg>
<status status="FAIL" starttime="20220502 16:09:44.379" endtime="20220502 16:09:44.379"></status>
</kw>
<msg timestamp="20220502 16:09:44.379" level="INFO">${status} = False</msg>
<status status="PASS" starttime="20220502 16:09:44.378" endtime="20220502 16:09:44.379"></status>
</kw>
<msg timestamp="20220502 16:09:44.380" level="INFO">${status} = False</msg>
<status status="PASS" starttime="20220502 16:09:39.126" endtime="20220502 16:09:44.380"></status>
</kw>
<kw name="Take Screenshot" library="Support_generic">
<doc>Taking screenshot at Test Level</doc>
<kw name="Capture Page Screenshot" library="SeleniumLibrary">
<doc>Takes a screenshot of the current page and embeds it into a log file.</doc>
<arguments>
<arg>${OUTPUTDIR}${/}${screenshot_dir}${/}${TEST NAME}_${screenshotCount}.png</arg>
</arguments>
<msg timestamp="20220502 16:09:44.860" level="INFO" html="yes">&lt;/td&gt;&lt;/tr&gt;&lt;tr&gt;&lt;td colspan="3"&gt;&lt;a href="Output/Screenshot/ZUCITECH_TC001_10.png"&gt;&lt;img src="Output/Screenshot/ZUCITECH_TC001_10.png" width="800px"&gt;&lt;/a&gt;</msg>
<status status="PASS" starttime="20220502 16:09:44.381" endtime="20220502 16:09:44.860"></status>
</kw>
<kw name="Evaluate" library="BuiltIn">
<doc>Evaluates the given expression in Python and returns the result.</doc>
<arguments>
<arg>${screenshotCount}+1</arg>
</arguments>
<assign>
<var>${screenshotCount}</var>
</assign>
<msg timestamp="20220502 16:09:44.861" level="INFO">${screenshotCount} = 11</msg>
<status status="PASS" starttime="20220502 16:09:44.860" endtime="20220502 16:09:44.861"></status>
</kw>
<kw name="Set Global Variable" library="BuiltIn">
<doc>Makes a variable available globally in all tests and suites.</doc>
<arguments>
<arg>${screenshotCount}</arg>
</arguments>
<msg timestamp="20220502 16:09:44.862" level="INFO">${screenshotCount} = 11</msg>
<status status="PASS" starttime="20220502 16:09:44.861" endtime="20220502 16:09:44.862"></status>
</kw>
<status status="PASS" starttime="20220502 16:09:44.380" endtime="20220502 16:09:44.862"></status>
</kw>
<kw name="Validate field" library="Support_generic">
<doc>Validate field value</doc>
<arguments>
<arg>${header}</arg>
<arg>${completeheader}</arg>
</arguments>
<assign>
<var>${status1}</var>
</assign>
<kw name="Scroll Element Into View" library="SeleniumLibrary">
<doc>Scrolls the element identified by ``locator`` into view.</doc>
<arguments>
<arg>${Value1}</arg>
</arguments>
<status status="PASS" starttime="20220502 16:09:44.863" endtime="20220502 16:09:45.143"></status>
</kw>
<kw name="Get Text" library="SeleniumLibrary">
<doc>Returns the text value of the element identified by ``locator``.</doc>
<arguments>
<arg>${Value1}</arg>
</arguments>
<assign>
<var>${response}</var>
</assign>
<msg timestamp="20220502 16:09:45.174" level="INFO">${response} = THANK YOU FOR YOUR ORDER</msg>
<status status="PASS" starttime="20220502 16:09:45.143" endtime="20220502 16:09:45.174"></status>
</kw>
<kw name="Run Keyword And Return Status" library="BuiltIn">
<doc>Runs the given keyword with given arguments and returns the status as a Boolean value.</doc>
<arguments>
<arg>Should Be Equal As Strings</arg>
<arg>${response}</arg>
<arg>${Value2}</arg>
</arguments>
<assign>
<var>${status}</var>
</assign>
<kw name="Should Be Equal As Strings" library="BuiltIn">
<doc>Fails if objects are unequal after converting them to strings.</doc>
<arguments>
<arg>${response}</arg>
<arg>${Value2}</arg>
</arguments>
<status status="PASS" starttime="20220502 16:09:45.174" endtime="20220502 16:09:45.175"></status>
</kw>
<msg timestamp="20220502 16:09:45.175" level="INFO">${status} = True</msg>
<status status="PASS" starttime="20220502 16:09:45.174" endtime="20220502 16:09:45.175"></status>
</kw>
<msg timestamp="20220502 16:09:45.175" level="INFO">${status1} = True</msg>
<status status="PASS" starttime="20220502 16:09:44.862" endtime="20220502 16:09:45.175"></status>
</kw>
<kw name="Validate field" library="Support_generic">
<doc>Validate field value</doc>
<arguments>
<arg>${thanyou}</arg>
<arg>${completetext}</arg>
</arguments>
<assign>
<var>${status2}</var>
</assign>
<kw name="Scroll Element Into View" library="SeleniumLibrary">
<doc>Scrolls the element identified by ``locator`` into view.</doc>
<arguments>
<arg>${Value1}</arg>
</arguments>
<status status="PASS" starttime="20220502 16:09:45.176" endtime="20220502 16:09:45.464"></status>
</kw>
<kw name="Get Text" library="SeleniumLibrary">
<doc>Returns the text value of the element identified by ``locator``.</doc>
<arguments>
<arg>${Value1}</arg>
</arguments>
<assign>
<var>${response}</var>
</assign>
<msg timestamp="20220502 16:09:45.491" level="INFO">${response} = Your order has been dispatched, and will arrive just as fast as the pony can get there!</msg>
<status status="PASS" starttime="20220502 16:09:45.464" endtime="20220502 16:09:45.491"></status>
</kw>
<kw name="Run Keyword And Return Status" library="BuiltIn">
<doc>Runs the given keyword with given arguments and returns the status as a Boolean value.</doc>
<arguments>
<arg>Should Be Equal As Strings</arg>
<arg>${response}</arg>
<arg>${Value2}</arg>
</arguments>
<assign>
<var>${status}</var>
</assign>
<kw name="Should Be Equal As Strings" library="BuiltIn">
<doc>Fails if objects are unequal after converting them to strings.</doc>
<arguments>
<arg>${response}</arg>
<arg>${Value2}</arg>
</arguments>
<status status="PASS" starttime="20220502 16:09:45.492" endtime="20220502 16:09:45.492"></status>
</kw>
<msg timestamp="20220502 16:09:45.492" level="INFO">${status} = True</msg>
<status status="PASS" starttime="20220502 16:09:45.491" endtime="20220502 16:09:45.492"></status>
</kw>
<msg timestamp="20220502 16:09:45.492" level="INFO">${status2} = True</msg>
<status status="PASS" starttime="20220502 16:09:45.175" endtime="20220502 16:09:45.493"></status>
</kw>
<kw name="Take Screenshot" library="Support_generic">
<doc>Taking screenshot at Test Level</doc>
<kw name="Capture Page Screenshot" library="SeleniumLibrary">
<doc>Takes a screenshot of the current page and embeds it into a log file.</doc>
<arguments>
<arg>${OUTPUTDIR}${/}${screenshot_dir}${/}${TEST NAME}_${screenshotCount}.png</arg>
</arguments>
<msg timestamp="20220502 16:09:45.716" level="INFO" html="yes">&lt;/td&gt;&lt;/tr&gt;&lt;tr&gt;&lt;td colspan="3"&gt;&lt;a href="Output/Screenshot/ZUCITECH_TC001_11.png"&gt;&lt;img src="Output/Screenshot/ZUCITECH_TC001_11.png" width="800px"&gt;&lt;/a&gt;</msg>
<status status="PASS" starttime="20220502 16:09:45.493" endtime="20220502 16:09:45.716"></status>
</kw>
<kw name="Evaluate" library="BuiltIn">
<doc>Evaluates the given expression in Python and returns the result.</doc>
<arguments>
<arg>${screenshotCount}+1</arg>
</arguments>
<assign>
<var>${screenshotCount}</var>
</assign>
<msg timestamp="20220502 16:09:45.718" level="INFO">${screenshotCount} = 12</msg>
<status status="PASS" starttime="20220502 16:09:45.717" endtime="20220502 16:09:45.718"></status>
</kw>
<kw name="Set Global Variable" library="BuiltIn">
<doc>Makes a variable available globally in all tests and suites.</doc>
<arguments>
<arg>${screenshotCount}</arg>
</arguments>
<msg timestamp="20220502 16:09:45.719" level="INFO">${screenshotCount} = 12</msg>
<status status="PASS" starttime="20220502 16:09:45.718" endtime="20220502 16:09:45.720"></status>
</kw>
<status status="PASS" starttime="20220502 16:09:45.493" endtime="20220502 16:09:45.720"></status>
</kw>
<kw name="Run Keyword If" library="BuiltIn">
<doc>Runs the given keyword with the given arguments, if ``condition`` is true.</doc>
<arguments>
<arg>"${status}"=="True"</arg>
<arg>and</arg>
<arg>"${status1}"=="True"</arg>
<arg>and</arg>
<arg>"${status2}"=="True"</arg>
<arg>Log</arg>
<arg>Thankyou page was displayed successfully</arg>
</arguments>
<status status="PASS" starttime="20220502 16:09:45.720" endtime="20220502 16:09:45.721"></status>
</kw>
<kw name="Take Screenshot" library="Support_generic">
<doc>Taking screenshot at Test Level</doc>
<kw name="Capture Page Screenshot" library="SeleniumLibrary">
<doc>Takes a screenshot of the current page and embeds it into a log file.</doc>
<arguments>
<arg>${OUTPUTDIR}${/}${screenshot_dir}${/}${TEST NAME}_${screenshotCount}.png</arg>
</arguments>
<msg timestamp="20220502 16:09:45.963" level="INFO" html="yes">&lt;/td&gt;&lt;/tr&gt;&lt;tr&gt;&lt;td colspan="3"&gt;&lt;a href="Output/Screenshot/ZUCITECH_TC001_12.png"&gt;&lt;img src="Output/Screenshot/ZUCITECH_TC001_12.png" width="800px"&gt;&lt;/a&gt;</msg>
<status status="PASS" starttime="20220502 16:09:45.722" endtime="20220502 16:09:45.963"></status>
</kw>
<kw name="Evaluate" library="BuiltIn">
<doc>Evaluates the given expression in Python and returns the result.</doc>
<arguments>
<arg>${screenshotCount}+1</arg>
</arguments>
<assign>
<var>${screenshotCount}</var>
</assign>
<msg timestamp="20220502 16:09:45.964" level="INFO">${screenshotCount} = 13</msg>
<status status="PASS" starttime="20220502 16:09:45.963" endtime="20220502 16:09:45.964"></status>
</kw>
<kw name="Set Global Variable" library="BuiltIn">
<doc>Makes a variable available globally in all tests and suites.</doc>
<arguments>
<arg>${screenshotCount}</arg>
</arguments>
<msg timestamp="20220502 16:09:45.965" level="INFO">${screenshotCount} = 13</msg>
<status status="PASS" starttime="20220502 16:09:45.965" endtime="20220502 16:09:45.966"></status>
</kw>
<status status="PASS" starttime="20220502 16:09:45.721" endtime="20220502 16:09:45.966"></status>
</kw>
<status status="PASS" starttime="20220502 16:09:39.125" endtime="20220502 16:09:45.966"></status>
</kw>
<status status="PASS" starttime="20220502 16:09:36.751" endtime="20220502 16:09:45.966"></status>
</kw>
<kw name="And user close all open browsers" library="Support_Web">
<kw name="Close Browser" library="SeleniumLibrary">
<doc>Closes the current browser.</doc>
<status status="PASS" starttime="20220502 16:09:45.968" endtime="20220502 16:09:52.276"></status>
</kw>
<status status="PASS" starttime="20220502 16:09:45.967" endtime="20220502 16:09:52.276"></status>
</kw>
<kw name="Close All Browsers" library="SeleniumLibrary" type="teardown">
<doc>Closes all open browsers and resets the browser cache.</doc>
<status status="PASS" starttime="20220502 16:09:52.277" endtime="20220502 16:09:52.278"></status>
</kw>
<doc>Test Objective:To check out the product and assert the Product details at the end</doc>
<tags>
<tag>assignment1</tag>
<tag>Test1</tag>
</tags>
<status status="PASS" starttime="20220502 16:09:21.412" endtime="20220502 16:09:52.278" critical="yes"></status>
</test>
<doc>Verification of saucedemo website "https://www.saucedemo.com/"</doc>
<status status="PASS" starttime="20220502 16:09:16.075" endtime="20220502 16:09:52.282"></status>
</suite>
<statistics>
<total>
<stat pass="1" fail="0">Critical Tests</stat>
<stat pass="1" fail="0">All Tests</stat>
</total>
<tag>
<stat pass="1" fail="0">assignment1</stat>
<stat pass="1" fail="0">Test1</stat>
</tag>
<suite>
<stat pass="1" fail="0" id="s1" name="Saucedemo">Saucedemo</stat>
</suite>
</statistics>
<errors>
</errors>
</robot>
